<?xml version="1.0" encoding="UTF-8"?>
<!-- Generated by org.testng.reporters.JUnitXMLReporter -->
<testsuite ignored="0" hostname="LAPTOP-1UGAS3ND" failures="0" tests="5" name="Default test" time="0.071" errors="0" timestamp="2024-10-20T00:25:22 IST">
  <testcase classname="Page.TestBase" name="@BeforeClass setUp" time="-1.729364122554E9">
    <failure type="org.testng.TestNGException" message="
Parameter &amp;apos;browser&amp;apos; is required by BeforeClass on method setUp but has not been marked @Optional or defined
in C:\Users\Aniket Jadhav\AppData\Local\Temp\testng-eclipse--779537276\testng-customsuite.xml">
      <![CDATA[org.testng.TestNGException: 
Parameter 'browser' is required by BeforeClass on method setUp but has not been marked @Optional or defined
in C:\Users\Aniket Jadhav\AppData\Local\Temp\testng-eclipse--779537276\testng-customsuite.xml
at org.testng.internal.Parameters.createParams(Parameters.java:267)
at org.testng.internal.Parameters.createParametersForMethod(Parameters.java:355)
at org.testng.internal.Parameters.createParameters(Parameters.java:684)
at org.testng.internal.Parameters.createConfigurationParameters(Parameters.java:166)
at org.testng.internal.invokers.ConfigInvoker.invokeConfigurations(ConfigInvoker.java:306)
at org.testng.internal.invokers.TestMethodWorker.invokeBeforeClassMethods(TestMethodWorker.java:180)
at org.testng.internal.invokers.TestMethodWorker.run(TestMethodWorker.java:122)
at java.base/java.util.ArrayList.forEach(ArrayList.java:1597)
at org.testng.TestRunner.privateRun(TestRunner.java:848)
at org.testng.TestRunner.run(TestRunner.java:621)
at org.testng.SuiteRunner.runTest(SuiteRunner.java:443)
at org.testng.SuiteRunner.runSequentially(SuiteRunner.java:437)
at org.testng.SuiteRunner.privateRun(SuiteRunner.java:397)
at org.testng.SuiteRunner.run(SuiteRunner.java:336)
at org.testng.SuiteRunnerWorker.runSuite(SuiteRunnerWorker.java:52)
at org.testng.SuiteRunnerWorker.run(SuiteRunnerWorker.java:95)
at org.testng.TestNG.runSuitesSequentially(TestNG.java:1280)
at org.testng.TestNG.runSuitesLocally(TestNG.java:1200)
at org.testng.TestNG.runSuites(TestNG.java:1114)
at org.testng.TestNG.run(TestNG.java:1082)
at org.testng.remote.AbstractRemoteTestNG.run(AbstractRemoteTestNG.java:115)
at org.testng.remote.RemoteTestNG.initAndRun(RemoteTestNG.java:293)
at org.testng.remote.RemoteTestNG.main(RemoteTestNG.java:91)
]]>
    </failure>
  </testcase> <!-- @BeforeClass setUp -->
  <testcase classname="Page.TestBase" name="@AfterClass tearDown" time="0.0">
    <skipped/>
  </testcase> <!-- @AfterClass tearDown -->
  <testcase classname="Test.HomePageTest" name="initElement" time="0.0">
    <skipped/>
  </testcase> <!-- initElement -->
  <testcase classname="Test.HomePageTest" name="CheckAppLogo" time="0.0">
    <skipped/>
  </testcase> <!-- CheckAppLogo -->
  <testcase classname="Test.HomePageTest" name="CheckLaptopAndNoteBook" time="0.0">
    <skipped/>
  </testcase> <!-- CheckLaptopAndNoteBook -->
  <testcase classname="Test.HomePageTest" name="CheckSearchBox" time="0.0">
    <skipped/>
  </testcase> <!-- CheckSearchBox -->
  <testcase classname="Test.HomePageTest" name="CheckGoBtn" time="0.0">
    <skipped/>
  </testcase> <!-- CheckGoBtn -->
</testsuite> <!-- Default test -->
